[2016-04-28 20:16:24] local.ALERT: Could not register permissions  
[2016-04-28 20:16:24] local.ERROR: SQLSTATE[28000] [1045] Access denied for user 'uoosef'@'localhost' (using password: NO)  
[2016-04-28 20:16:24] local.ALERT: Could not register permissions  
[2016-04-28 20:16:24] local.ERROR: SQLSTATE[28000] [1045] Access denied for user 'uoosef'@'localhost' (using password: NO)  
[2016-04-28 20:16:26] local.ALERT: Could not register permissions  
[2016-04-28 20:16:26] local.ERROR: SQLSTATE[28000] [1045] Access denied for user 'uoosef'@'localhost' (using password: NO)  
[2016-04-28 20:19:37] local.ALERT: Could not register permissions  
[2016-04-28 20:19:37] local.ERROR: SQLSTATE[28000] [1045] Access denied for user 'uoosef'@'localhost' (using password: NO)  
[2016-04-28 20:24:37] local.ALERT: Could not register permissions  
[2016-04-28 20:24:37] local.ERROR: SQLSTATE[28000] [1045] Access denied for user 'root'@'localhost' (using password: NO)  
[2016-04-28 20:24:38] local.ERROR: exception 'PDOException' with message 'SQLSTATE[28000] [1045] Access denied for user 'root'@'localhost' (using password: NO)' in /var/www/html/vendor/laravel/framework/src/Illuminate/Database/Connectors/Connector.php:55
Stack trace:
#0 /var/www/html/vendor/laravel/framework/src/Illuminate/Database/Connectors/Connector.php(55): PDO->__construct('mysql:host=loca...', 'root', '', Array)
#1 /var/www/html/vendor/laravel/framework/src/Illuminate/Database/Connectors/MySqlConnector.php(24): Illuminate\Database\Connectors\Connector->createConnection('mysql:host=loca...', Array, Array)
#2 /var/www/html/vendor/laravel/framework/src/Illuminate/Database/Connectors/ConnectionFactory.php(61): Illuminate\Database\Connectors\MySqlConnector->connect(Array)
#3 [internal function]: Illuminate\Database\Connectors\ConnectionFactory->Illuminate\Database\Connectors\{closure}()
#4 /var/www/html/vendor/laravel/framework/src/Illuminate/Database/Connection.php(868): call_user_func(Object(Closure))
#5 /var/www/html/vendor/laravel/framework/src/Illuminate/Database/Connection.php(736): Illuminate\Database\Connection->getPdo()
#6 /var/www/html/vendor/laravel/framework/src/Illuminate/Database/Connection.php(621): Illuminate\Database\Connection->reconnectIfMissingConnection()
#7 /var/www/html/vendor/laravel/framework/src/Illuminate/Database/Connection.php(342): Illuminate\Database\Connection->run('select `transla...', Array, Object(Closure))
#8 /var/www/html/vendor/laravel/framework/src/Illuminate/Database/Query/Builder.php(1508): Illuminate\Database\Connection->select('select `transla...', Array, true)
#9 /var/www/html/vendor/laravel/framework/src/Illuminate/Database/Query/Builder.php(1494): Illuminate\Database\Query\Builder->runSelect()
#10 /var/www/html/vendor/laravel/framework/src/Illuminate/Database/Query/Builder.php(1721): Illuminate\Database\Query\Builder->get(Array)
#11 /var/www/html/vendor/typicms/translations/src/Repositories/EloquentTranslation.php(28): Illuminate\Database\Query\Builder->pluck('translation', 'key')
#12 /var/www/html/vendor/typicms/translations/src/Repositories/CacheDecorator.php(29): TypiCMS\Modules\Translations\Repositories\EloquentTranslation->allToArray('en', 'db', '*')
#13 /var/www/html/vendor/typicms/translations/src/Loaders/MixedLoader.php(65): TypiCMS\Modules\Translations\Repositories\CacheDecorator->allToArray('en', 'db', '*')
#14 /var/www/html/vendor/typicms/translations/src/Loaders/MixedLoader.php(49): TypiCMS\Modules\Translations\Loaders\MixedLoader->loadFromDB('en', 'db', '*')
#15 /var/www/html/vendor/laravel/framework/src/Illuminate/Translation/Translator.php(251): TypiCMS\Modules\Translations\Loaders\MixedLoader->load('en', 'db', '*')
#16 /var/www/html/vendor/laravel/framework/src/Illuminate/Translation/Translator.php(106): Illuminate\Translation\Translator->load('*', 'db', 'en')
#17 /var/www/html/storage/framework/views/3ec07259505c71881fecf8fcc043f3ac636cd92c.php(8): Illuminate\Translation\Translator->get('db.Sorry, this ...')
#18 /var/www/html/vendor/laravel/framework/src/Illuminate/View/Engines/PhpEngine.php(42): include('/var/www/html/s...')
#19 /var/www/html/vendor/laravel/framework/src/Illuminate/View/Engines/CompilerEngine.php(59): Illuminate\View\Engines\PhpEngine->evaluatePath('/var/www/html/s...', Array)
#20 /var/www/html/vendor/laravel/framework/src/Illuminate/View/View.php(147): Illuminate\View\Engines\CompilerEngine->get('/var/www/html/r...', Array)
#21 /var/www/html/vendor/laravel/framework/src/Illuminate/View/View.php(118): Illuminate\View\View->getContents()
#22 /var/www/html/vendor/laravel/framework/src/Illuminate/View/View.php(83): Illuminate\View\View->renderContents()
#23 /var/www/html/vendor/laravel/framework/src/Illuminate/Http/Response.php(53): Illuminate\View\View->render()
#24 /var/www/html/vendor/symfony/http-foundation/Response.php(199): Illuminate\Http\Response->setContent(Object(Illuminate\View\View))
#25 /var/www/html/vendor/laravel/framework/src/Illuminate/Routing/ResponseFactory.php(57): Symfony\Component\HttpFoundation\Response->__construct(Object(Illuminate\View\View), 404, Array)
#26 /var/www/html/vendor/laravel/framework/src/Illuminate/Routing/ResponseFactory.php(71): Illuminate\Routing\ResponseFactory->make(Object(Illuminate\View\View), 404, Array)
#27 /var/www/html/vendor/laravel/framework/src/Illuminate/Foundation/Exceptions/Handler.php(155): Illuminate\Routing\ResponseFactory->view('errors.404', Array, 404, Array)
#28 /var/www/html/app/Exceptions/Handler.php(76): Illuminate\Foundation\Exceptions\Handler->renderHttpException(Object(Symfony\Component\HttpKernel\Exception\NotFoundHttpException))
#29 /var/www/html/vendor/laravel/framework/src/Illuminate/Routing/Pipeline.php(80): App\Exceptions\Handler->render(Object(Illuminate\Http\Request), Object(Symfony\Component\HttpKernel\Exception\NotFoundHttpException))
#30 /var/www/html/vendor/laravel/framework/src/Illuminate/Routing/Pipeline.php(34): Illuminate\Routing\Pipeline->handleException(Object(Illuminate\Http\Request), Object(Symfony\Component\HttpKernel\Exception\NotFoundHttpException))
#31 /var/www/html/vendor/laravel/framework/src/Illuminate/Session/Middleware/StartSession.php(62): Illuminate\Routing\Pipeline->Illuminate\Routing\{closure}(Object(Illuminate\Http\Request))
#32 [internal function]: Illuminate\Session\Middleware\StartSession->handle(Object(Illuminate\Http\Request), Object(Closure))
#33 /var/www/html/vendor/laravel/framework/src/Illuminate/Pipeline/Pipeline.php(124): call_user_func_array(Array, Array)
#34 [internal function]: Illuminate\Pipeline\Pipeline->Illuminate\Pipeline\{closure}(Object(Illuminate\Http\Request))
#35 /var/www/html/vendor/laravel/framework/src/Illuminate/Routing/Pipeline.php(32): call_user_func(Object(Closure), Object(Illuminate\Http\Request))
#36 [internal function]: Illuminate\Routing\Pipeline->Illuminate\Routing\{closure}(Object(Illuminate\Http\Request))
#37 /var/www/html/vendor/laravel/framework/src/Illuminate/Pipeline/Pipeline.php(103): call_user_func(Object(Closure), Object(Illuminate\Http\Request))
#38 /var/www/html/vendor/laravel/framework/src/Illuminate/Foundation/Http/Kernel.php(132): Illuminate\Pipeline\Pipeline->then(Object(Closure))
#39 /var/www/html/vendor/laravel/framework/src/Illuminate/Foundation/Http/Kernel.php(99): Illuminate\Foundation\Http\Kernel->sendRequestThroughRouter(Object(Illuminate\Http\Request))
#40 /var/www/html/public/index.php(56): Illuminate\Foundation\Http\Kernel->handle(Object(Illuminate\Http\Request))
#41 {main}

Next exception 'ErrorException' with message 'SQLSTATE[28000] [1045] Access denied for user 'root'@'localhost' (using password: NO) (View: /var/www/html/resources/views/errors/404.blade.php)' in /var/www/html/vendor/laravel/framework/src/Illuminate/Database/Connectors/Connector.php:55
Stack trace:
#0 /var/www/html/vendor/laravel/framework/src/Illuminate/View/Engines/PhpEngine.php(44): Illuminate\View\Engines\CompilerEngine->handleViewException(Object(PDOException), 1)
#1 /var/www/html/vendor/laravel/framework/src/Illuminate/View/Engines/CompilerEngine.php(59): Illuminate\View\Engines\PhpEngine->evaluatePath('/var/www/html/s...', Array)
#2 /var/www/html/vendor/laravel/framework/src/Illuminate/View/View.php(147): Illuminate\View\Engines\CompilerEngine->get('/var/www/html/r...', Array)
#3 /var/www/html/vendor/laravel/framework/src/Illuminate/View/View.php(118): Illuminate\View\View->getContents()
#4 /var/www/html/vendor/laravel/framework/src/Illuminate/View/View.php(83): Illuminate\View\View->renderContents()
#5 /var/www/html/vendor/laravel/framework/src/Illuminate/Http/Response.php(53): Illuminate\View\View->render()
#6 /var/www/html/vendor/symfony/http-foundation/Response.php(199): Illuminate\Http\Response->setContent(Object(Illuminate\View\View))
#7 /var/www/html/vendor/laravel/framework/src/Illuminate/Routing/ResponseFactory.php(57): Symfony\Component\HttpFoundation\Response->__construct(Object(Illuminate\View\View), 404, Array)
#8 /var/www/html/vendor/laravel/framework/src/Illuminate/Routing/ResponseFactory.php(71): Illuminate\Routing\ResponseFactory->make(Object(Illuminate\View\View), 404, Array)
#9 /var/www/html/vendor/laravel/framework/src/Illuminate/Foundation/Exceptions/Handler.php(155): Illuminate\Routing\ResponseFactory->view('errors.404', Array, 404, Array)
#10 /var/www/html/app/Exceptions/Handler.php(76): Illuminate\Foundation\Exceptions\Handler->renderHttpException(Object(Symfony\Component\HttpKernel\Exception\NotFoundHttpException))
#11 /var/www/html/vendor/laravel/framework/src/Illuminate/Routing/Pipeline.php(80): App\Exceptions\Handler->render(Object(Illuminate\Http\Request), Object(Symfony\Component\HttpKernel\Exception\NotFoundHttpException))
#12 /var/www/html/vendor/laravel/framework/src/Illuminate/Routing/Pipeline.php(34): Illuminate\Routing\Pipeline->handleException(Object(Illuminate\Http\Request), Object(Symfony\Component\HttpKernel\Exception\NotFoundHttpException))
#13 /var/www/html/vendor/laravel/framework/src/Illuminate/Session/Middleware/StartSession.php(62): Illuminate\Routing\Pipeline->Illuminate\Routing\{closure}(Object(Illuminate\Http\Request))
#14 [internal function]: Illuminate\Session\Middleware\StartSession->handle(Object(Illuminate\Http\Request), Object(Closure))
#15 /var/www/html/vendor/laravel/framework/src/Illuminate/Pipeline/Pipeline.php(124): call_user_func_array(Array, Array)
#16 [internal function]: Illuminate\Pipeline\Pipeline->Illuminate\Pipeline\{closure}(Object(Illuminate\Http\Request))
#17 /var/www/html/vendor/laravel/framework/src/Illuminate/Routing/Pipeline.php(32): call_user_func(Object(Closure), Object(Illuminate\Http\Request))
#18 [internal function]: Illuminate\Routing\Pipeline->Illuminate\Routing\{closure}(Object(Illuminate\Http\Request))
#19 /var/www/html/vendor/laravel/framework/src/Illuminate/Pipeline/Pipeline.php(103): call_user_func(Object(Closure), Object(Illuminate\Http\Request))
#20 /var/www/html/vendor/laravel/framework/src/Illuminate/Foundation/Http/Kernel.php(132): Illuminate\Pipeline\Pipeline->then(Object(Closure))
#21 /var/www/html/vendor/laravel/framework/src/Illuminate/Foundation/Http/Kernel.php(99): Illuminate\Foundation\Http\Kernel->sendRequestThroughRouter(Object(Illuminate\Http\Request))
#22 /var/www/html/public/index.php(56): Illuminate\Foundation\Http\Kernel->handle(Object(Illuminate\Http\Request))
#23 {main}  
[2016-04-28 20:24:38] local.ERROR: exception 'PDOException' with message 'SQLSTATE[28000] [1045] Access denied for user 'root'@'localhost' (using password: NO)' in /var/www/html/vendor/laravel/framework/src/Illuminate/Database/Connectors/Connector.php:55
Stack trace:
#0 /var/www/html/vendor/laravel/framework/src/Illuminate/Database/Connectors/Connector.php(55): PDO->__construct('mysql:host=loca...', 'root', '', Array)
#1 /var/www/html/vendor/laravel/framework/src/Illuminate/Database/Connectors/MySqlConnector.php(24): Illuminate\Database\Connectors\Connector->createConnection('mysql:host=loca...', Array, Array)
#2 /var/www/html/vendor/laravel/framework/src/Illuminate/Database/Connectors/ConnectionFactory.php(61): Illuminate\Database\Connectors\MySqlConnector->connect(Array)
#3 [internal function]: Illuminate\Database\Connectors\ConnectionFactory->Illuminate\Database\Connectors\{closure}()
#4 /var/www/html/vendor/laravel/framework/src/Illuminate/Database/Connection.php(868): call_user_func(Object(Closure))
#5 /var/www/html/vendor/laravel/framework/src/Illuminate/Database/Connection.php(736): Illuminate\Database\Connection->getPdo()
#6 /var/www/html/vendor/laravel/framework/src/Illuminate/Database/Connection.php(621): Illuminate\Database\Connection->reconnectIfMissingConnection()
#7 /var/www/html/vendor/laravel/framework/src/Illuminate/Database/Connection.php(342): Illuminate\Database\Connection->run('select `transla...', Array, Object(Closure))
#8 /var/www/html/vendor/laravel/framework/src/Illuminate/Database/Query/Builder.php(1508): Illuminate\Database\Connection->select('select `transla...', Array, true)
#9 /var/www/html/vendor/laravel/framework/src/Illuminate/Database/Query/Builder.php(1494): Illuminate\Database\Query\Builder->runSelect()
#10 /var/www/html/vendor/laravel/framework/src/Illuminate/Database/Query/Builder.php(1721): Illuminate\Database\Query\Builder->get(Array)
#11 /var/www/html/vendor/typicms/translations/src/Repositories/EloquentTranslation.php(28): Illuminate\Database\Query\Builder->pluck('translation', 'key')
#12 /var/www/html/vendor/typicms/translations/src/Repositories/CacheDecorator.php(29): TypiCMS\Modules\Translations\Repositories\EloquentTranslation->allToArray('en', 'db', '*')
#13 /var/www/html/vendor/typicms/translations/src/Loaders/MixedLoader.php(65): TypiCMS\Modules\Translations\Repositories\CacheDecorator->allToArray('en', 'db', '*')
#14 /var/www/html/vendor/typicms/translations/src/Loaders/MixedLoader.php(49): TypiCMS\Modules\Translations\Loaders\MixedLoader->loadFromDB('en', 'db', '*')
#15 /var/www/html/vendor/laravel/framework/src/Illuminate/Translation/Translator.php(251): TypiCMS\Modules\Translations\Loaders\MixedLoader->load('en', 'db', '*')
#16 /var/www/html/vendor/laravel/framework/src/Illuminate/Translation/Translator.php(106): Illuminate\Translation\Translator->load('*', 'db', 'en')
#17 /var/www/html/storage/framework/views/3ec07259505c71881fecf8fcc043f3ac636cd92c.php(8): Illuminate\Translation\Translator->get('db.Sorry, this ...')
#18 /var/www/html/vendor/laravel/framework/src/Illuminate/View/Engines/PhpEngine.php(42): include('/var/www/html/s...')
#19 /var/www/html/vendor/laravel/framework/src/Illuminate/View/Engines/CompilerEngine.php(59): Illuminate\View\Engines\PhpEngine->evaluatePath('/var/www/html/s...', Array)
#20 /var/www/html/vendor/laravel/framework/src/Illuminate/View/View.php(147): Illuminate\View\Engines\CompilerEngine->get('/var/www/html/r...', Array)
#21 /var/www/html/vendor/laravel/framework/src/Illuminate/View/View.php(118): Illuminate\View\View->getContents()
#22 /var/www/html/vendor/laravel/framework/src/Illuminate/View/View.php(83): Illuminate\View\View->renderContents()
#23 /var/www/html/vendor/laravel/framework/src/Illuminate/Http/Response.php(53): Illuminate\View\View->render()
#24 /var/www/html/vendor/symfony/http-foundation/Response.php(199): Illuminate\Http\Response->setContent(Object(Illuminate\View\View))
#25 /var/www/html/vendor/laravel/framework/src/Illuminate/Routing/ResponseFactory.php(57): Symfony\Component\HttpFoundation\Response->__construct(Object(Illuminate\View\View), 404, Array)
#26 /var/www/html/vendor/laravel/framework/src/Illuminate/Routing/ResponseFactory.php(71): Illuminate\Routing\ResponseFactory->make(Object(Illuminate\View\View), 404, Array)
#27 /var/www/html/vendor/laravel/framework/src/Illuminate/Foundation/Exceptions/Handler.php(155): Illuminate\Routing\ResponseFactory->view('errors.404', Array, 404, Array)
#28 /var/www/html/app/Exceptions/Handler.php(76): Illuminate\Foundation\Exceptions\Handler->renderHttpException(Object(Symfony\Component\HttpKernel\Exception\NotFoundHttpException))
#29 /var/www/html/vendor/laravel/framework/src/Illuminate/Routing/Pipeline.php(80): App\Exceptions\Handler->render(Object(Illuminate\Http\Request), Object(Symfony\Component\HttpKernel\Exception\NotFoundHttpException))
#30 /var/www/html/vendor/laravel/framework/src/Illuminate/Routing/Pipeline.php(34): Illuminate\Routing\Pipeline->handleException(Object(Illuminate\Http\Request), Object(Symfony\Component\HttpKernel\Exception\NotFoundHttpException))
#31 /var/www/html/vendor/laravel/framework/src/Illuminate/Session/Middleware/StartSession.php(62): Illuminate\Routing\Pipeline->Illuminate\Routing\{closure}(Object(Illuminate\Http\Request))
#32 [internal function]: Illuminate\Session\Middleware\StartSession->handle(Object(Illuminate\Http\Request), Object(Closure))
#33 /var/www/html/vendor/laravel/framework/src/Illuminate/Pipeline/Pipeline.php(124): call_user_func_array(Array, Array)
#34 [internal function]: Illuminate\Pipeline\Pipeline->Illuminate\Pipeline\{closure}(Object(Illuminate\Http\Request))
#35 /var/www/html/vendor/laravel/framework/src/Illuminate/Routing/Pipeline.php(32): call_user_func(Object(Closure), Object(Illuminate\Http\Request))
#36 [internal function]: Illuminate\Routing\Pipeline->Illuminate\Routing\{closure}(Object(Illuminate\Http\Request))
#37 /var/www/html/vendor/laravel/framework/src/Illuminate/Pipeline/Pipeline.php(103): call_user_func(Object(Closure), Object(Illuminate\Http\Request))
#38 /var/www/html/vendor/laravel/framework/src/Illuminate/Foundation/Http/Kernel.php(132): Illuminate\Pipeline\Pipeline->then(Object(Closure))
#39 /var/www/html/vendor/laravel/framework/src/Illuminate/Foundation/Http/Kernel.php(99): Illuminate\Foundation\Http\Kernel->sendRequestThroughRouter(Object(Illuminate\Http\Request))
#40 /var/www/html/public/index.php(56): Illuminate\Foundation\Http\Kernel->handle(Object(Illuminate\Http\Request))
#41 {main}

Next exception 'ErrorException' with message 'SQLSTATE[28000] [1045] Access denied for user 'root'@'localhost' (using password: NO) (View: /var/www/html/resources/views/errors/404.blade.php)' in /var/www/html/vendor/laravel/framework/src/Illuminate/Database/Connectors/Connector.php:55
Stack trace:
#0 /var/www/html/vendor/laravel/framework/src/Illuminate/View/Engines/PhpEngine.php(44): Illuminate\View\Engines\CompilerEngine->handleViewException(Object(PDOException), 1)
#1 /var/www/html/vendor/laravel/framework/src/Illuminate/View/Engines/CompilerEngine.php(59): Illuminate\View\Engines\PhpEngine->evaluatePath('/var/www/html/s...', Array)
#2 /var/www/html/vendor/laravel/framework/src/Illuminate/View/View.php(147): Illuminate\View\Engines\CompilerEngine->get('/var/www/html/r...', Array)
#3 /var/www/html/vendor/laravel/framework/src/Illuminate/View/View.php(118): Illuminate\View\View->getContents()
#4 /var/www/html/vendor/laravel/framework/src/Illuminate/View/View.php(83): Illuminate\View\View->renderContents()
#5 /var/www/html/vendor/laravel/framework/src/Illuminate/Http/Response.php(53): Illuminate\View\View->render()
#6 /var/www/html/vendor/symfony/http-foundation/Response.php(199): Illuminate\Http\Response->setContent(Object(Illuminate\View\View))
#7 /var/www/html/vendor/laravel/framework/src/Illuminate/Routing/ResponseFactory.php(57): Symfony\Component\HttpFoundation\Response->__construct(Object(Illuminate\View\View), 404, Array)
#8 /var/www/html/vendor/laravel/framework/src/Illuminate/Routing/ResponseFactory.php(71): Illuminate\Routing\ResponseFactory->make(Object(Illuminate\View\View), 404, Array)
#9 /var/www/html/vendor/laravel/framework/src/Illuminate/Foundation/Exceptions/Handler.php(155): Illuminate\Routing\ResponseFactory->view('errors.404', Array, 404, Array)
#10 /var/www/html/app/Exceptions/Handler.php(76): Illuminate\Foundation\Exceptions\Handler->renderHttpException(Object(Symfony\Component\HttpKernel\Exception\NotFoundHttpException))
#11 /var/www/html/vendor/laravel/framework/src/Illuminate/Routing/Pipeline.php(80): App\Exceptions\Handler->render(Object(Illuminate\Http\Request), Object(Symfony\Component\HttpKernel\Exception\NotFoundHttpException))
#12 /var/www/html/vendor/laravel/framework/src/Illuminate/Routing/Pipeline.php(34): Illuminate\Routing\Pipeline->handleException(Object(Illuminate\Http\Request), Object(Symfony\Component\HttpKernel\Exception\NotFoundHttpException))
#13 /var/www/html/vendor/laravel/framework/src/Illuminate/Session/Middleware/StartSession.php(62): Illuminate\Routing\Pipeline->Illuminate\Routing\{closure}(Object(Illuminate\Http\Request))
#14 [internal function]: Illuminate\Session\Middleware\StartSession->handle(Object(Illuminate\Http\Request), Object(Closure))
#15 /var/www/html/vendor/laravel/framework/src/Illuminate/Pipeline/Pipeline.php(124): call_user_func_array(Array, Array)
#16 [internal function]: Illuminate\Pipeline\Pipeline->Illuminate\Pipeline\{closure}(Object(Illuminate\Http\Request))
#17 /var/www/html/vendor/laravel/framework/src/Illuminate/Routing/Pipeline.php(32): call_user_func(Object(Closure), Object(Illuminate\Http\Request))
#18 [internal function]: Illuminate\Routing\Pipeline->Illuminate\Routing\{closure}(Object(Illuminate\Http\Request))
#19 /var/www/html/vendor/laravel/framework/src/Illuminate/Pipeline/Pipeline.php(103): call_user_func(Object(Closure), Object(Illuminate\Http\Request))
#20 /var/www/html/vendor/laravel/framework/src/Illuminate/Foundation/Http/Kernel.php(132): Illuminate\Pipeline\Pipeline->then(Object(Closure))
#21 /var/www/html/vendor/laravel/framework/src/Illuminate/Foundation/Http/Kernel.php(99): Illuminate\Foundation\Http\Kernel->sendRequestThroughRouter(Object(Illuminate\Http\Request))
#22 /var/www/html/public/index.php(56): Illuminate\Foundation\Http\Kernel->handle(Object(Illuminate\Http\Request))
#23 {main}  
